<?xml version="1.0" encoding="UTF-8"?>
<!-- Generated by org.testng.reporters.JUnitReportReporter -->
<testsuite hostname="Radhika" failures="0" tests="1" name="NewScripts.Testcase1" time="7.647" errors="0" timestamp="2024-12-19T16:19:58 IST" skipped="0">
  <testcase classname="NewScripts.Testcase1" name="launch" time="7.647"/>
  <system-out/>
</testsuite> <!-- NewScripts.Testcase1 -->
